mobile/android/app/build/intermediates/manifest_merge_blame_file/debug/manifest-merger-blame-debug-report.txt
1<?xml version="1.0" encoding="utf-8"?>
2<manifest xmlns:android="http://schemas.android.com/apk/res/android"
3    package="com.homecloudapp"
4    android:versionCode="1"
5    android:versionName="1.0" >
6
7    <uses-sdk
8        android:minSdkVersion="21"
9        android:targetSdkVersion="30" />
10
11    <uses-permission android:name="android.permission.SYSTEM_ALERT_WINDOW" />
11-->src\debug\AndroidManifest.xml:5:5-77
11-->src\debug\AndroidManifest.xml:5:22-75
12    <uses-permission android:name="android.permission.INTERNET" />
12-->src\main\AndroidManifest.xml:4:5-67
12-->src\main\AndroidManifest.xml:4:22-64
13    <uses-permission android:name="android.permission.ACCESS_WIFI_STATE" />
13-->[com.facebook.flipper:flipper:0.99.0] AndroidManifest.xml:16:5-76
13-->[com.facebook.flipper:flipper:0.99.0] AndroidManifest.xml:16:22-73
14    <uses-permission android:name="android.permission.WRITE_EXTERNAL_STORAGE" />
14-->[:react-native-fs] AndroidManifest.xml:9:5-81
14-->[:react-native-fs] AndroidManifest.xml:9:22-78
15    <uses-permission android:name="android.permission.ACCESS_NETWORK_STATE" /> <!-- Required to access Google Play Licensing -->
15-->[:react-native-network-info] AndroidManifest.xml:10:5-79
15-->[:react-native-network-info] AndroidManifest.xml:10:22-76
16    <uses-permission android:name="com.android.vending.CHECK_LICENSE" />
16-->[:rn-fetch-blob] AndroidManifest.xml:10:5-73
16-->[:rn-fetch-blob] AndroidManifest.xml:10:22-70
17    <!--
18         Required to keep CPU alive while downloading files
19        (NOT to keep screen awake)
20    -->
21    <uses-permission android:name="android.permission.WAKE_LOCK" />
21-->[:rn-fetch-blob] AndroidManifest.xml:19:5-68
21-->[:rn-fetch-blob] AndroidManifest.xml:19:22-65
22
23    <application
23-->src\main\AndroidManifest.xml:6:5-24:19
24        android:name="com.homecloudapp.MainApplication"
24-->src\main\AndroidManifest.xml:7:7-38
25        android:allowBackup="false"
25-->src\main\AndroidManifest.xml:11:7-34
26        android:appComponentFactory="androidx.core.app.CoreComponentFactory"
26-->[androidx.core:core:1.6.0] AndroidManifest.xml:24:18-86
27        android:debuggable="true"
28        android:icon="@mipmap/ic_launcher"
28-->src\main\AndroidManifest.xml:9:7-41
29        android:label="@string/app_name"
29-->src\main\AndroidManifest.xml:8:7-39
30        android:roundIcon="@mipmap/ic_launcher_round"
30-->src\main\AndroidManifest.xml:10:7-52
31        android:theme="@style/AppTheme"
31-->src\main\AndroidManifest.xml:12:7-38
32        android:usesCleartextTraffic="true" >
32-->src\debug\AndroidManifest.xml:8:9-44
33        <activity android:name="com.facebook.react.devsupport.DevSettingsActivity" />
33-->src\debug\AndroidManifest.xml:11:9-86
33-->src\debug\AndroidManifest.xml:11:19-83
34        <activity
34-->src\main\AndroidManifest.xml:13:7-23:18
35            android:name="com.homecloudapp.MainActivity"
35-->src\main\AndroidManifest.xml:14:9-37
36            android:configChanges="keyboard|keyboardHidden|orientation|screenSize|uiMode"
36-->src\main\AndroidManifest.xml:16:9-86
37            android:label="@string/app_name"
37-->src\main\AndroidManifest.xml:15:9-41
38            android:launchMode="singleTask"
38-->src\main\AndroidManifest.xml:17:9-40
39            android:windowSoftInputMode="adjustResize" >
39-->src\main\AndroidManifest.xml:18:9-51
40            <intent-filter>
40-->src\main\AndroidManifest.xml:19:9-22:25
41                <action android:name="android.intent.action.MAIN" />
41-->src\main\AndroidManifest.xml:20:13-65
41-->src\main\AndroidManifest.xml:20:21-62
42
43                <category android:name="android.intent.category.LAUNCHER" />
43-->src\main\AndroidManifest.xml:21:13-73
43-->src\main\AndroidManifest.xml:21:23-70
44            </intent-filter>
45        </activity>
46
47        <provider
47-->[:react-native-webview] AndroidManifest.xml:10:9-18:20
48            android:name="com.reactnativecommunity.webview.RNCWebViewFileProvider"
48-->[:react-native-webview] AndroidManifest.xml:11:13-83
49            android:authorities="com.homecloudapp.fileprovider"
49-->[:react-native-webview] AndroidManifest.xml:12:13-64
50            android:exported="false"
50-->[:react-native-webview] AndroidManifest.xml:13:13-37
51            android:grantUriPermissions="true" >
51-->[:react-native-webview] AndroidManifest.xml:14:13-47
52            <meta-data
52-->[:react-native-webview] AndroidManifest.xml:15:13-17:63
53                android:name="android.support.FILE_PROVIDER_PATHS"
53-->[:react-native-webview] AndroidManifest.xml:16:17-67
54                android:resource="@xml/file_provider_paths" />
54-->[:react-native-webview] AndroidManifest.xml:17:17-60
55        </provider>
56        <provider
56-->[:rn-fetch-blob] AndroidManifest.xml:34:9-42:20
57            android:name="com.RNFetchBlob.Utils.FileProvider"
57-->[:rn-fetch-blob] AndroidManifest.xml:35:13-62
58            android:authorities="com.homecloudapp.provider"
58-->[:rn-fetch-blob] AndroidManifest.xml:36:13-60
59            android:exported="false"
59-->[:rn-fetch-blob] AndroidManifest.xml:37:13-37
60            android:grantUriPermissions="true" >
60-->[:rn-fetch-blob] AndroidManifest.xml:38:13-47
61            <meta-data
61-->[:react-native-webview] AndroidManifest.xml:15:13-17:63
62                android:name="android.support.FILE_PROVIDER_PATHS"
62-->[:react-native-webview] AndroidManifest.xml:16:17-67
63                android:resource="@xml/provider_paths" />
63-->[:react-native-webview] AndroidManifest.xml:17:17-60
64        </provider>
65    </application>
66
67</manifest>